d:\repositories\learnopengl\learnopengl\debug\vc141.pdb
d:\repositories\learnopengl\learnopengl\debug\vc141.idb
d:\repositories\learnopengl\learnopengl\debug\glad.obj
d:\repositories\learnopengl\learnopengl\debug\main.obj
d:\repositories\learnopengl\learnopengl\debug\shader.obj
d:\repositories\learnopengl\learnopengl\debug\learnopengl.pdb
d:\repositories\learnopengl\learnopengl\debug\learnopengl.tlog\cl.command.1.tlog
d:\repositories\learnopengl\learnopengl\debug\learnopengl.tlog\cl.read.1.tlog
d:\repositories\learnopengl\learnopengl\debug\learnopengl.tlog\cl.write.1.tlog
d:\repositories\learnopengl\learnopengl\debug\learnopengl.tlog\link-cvtres.read.1.tlog
d:\repositories\learnopengl\learnopengl\debug\learnopengl.tlog\link-cvtres.write.1.tlog
d:\repositories\learnopengl\learnopengl\debug\learnopengl.tlog\link-rc.read.1.tlog
d:\repositories\learnopengl\learnopengl\debug\learnopengl.tlog\link-rc.write.1.tlog
d:\repositories\learnopengl\learnopengl\debug\learnopengl.tlog\link.8496-cvtres.read.1.tlog
d:\repositories\learnopengl\learnopengl\debug\learnopengl.tlog\link.8496-cvtres.write.1.tlog
d:\repositories\learnopengl\learnopengl\debug\learnopengl.tlog\link.8496-rc.read.1.tlog
d:\repositories\learnopengl\learnopengl\debug\learnopengl.tlog\link.8496-rc.write.1.tlog
d:\repositories\learnopengl\learnopengl\debug\learnopengl.tlog\link.8496.read.1.tlog
d:\repositories\learnopengl\learnopengl\debug\learnopengl.tlog\link.8496.write.1.tlog
d:\repositories\learnopengl\learnopengl\debug\learnopengl.tlog\link.command.1.tlog
d:\repositories\learnopengl\learnopengl\debug\learnopengl.tlog\link.read.1.tlog
d:\repositories\learnopengl\learnopengl\debug\learnopengl.tlog\link.write.1.tlog
